The system is: Windows - 10.0.19042 - AMD64
Compiling the C compiler identification source file "CMakeCCompilerId.c" succeeded.
Compiler: C:/Program Files (x86)/Microsoft Visual Studio/2019/Community/VC/Tools/MSVC/14.28.29333/bin/Hostx86/x86/cl.exe 
Build flags: 
Id flags:  

The output was:
0
Microsoft (R) C/C++ Optimizing Compiler Version 19.28.29334 for x86
Copyright (C) Microsoft Corporation.  All rights reserved.

CMakeCCompilerId.c
Microsoft (R) Incremental Linker Version 14.28.29334.0
Copyright (C) Microsoft Corporation.  All rights reserved.

/out:CMakeCCompilerId.exe 
CMakeCCompilerId.obj 


Compilation of the C compiler identification source "CMakeCCompilerId.c" produced "CMakeCCompilerId.exe"

Compilation of the C compiler identification source "CMakeCCompilerId.c" produced "CMakeCCompilerId.obj"

The C compiler identification is MSVC, found in "C:/Users/csipa/Documents/Projects/School/Prog1/NHz1/kepszerkesztes/cmake-build-debug/CMakeFiles/3.17.3/CompilerIdC/CMakeCCompilerId.exe"

Determining if the C compiler works passed with the following output:
Change Dir: C:/Users/csipa/Documents/Projects/School/Prog1/NHz1/kepszerkesztes/cmake-build-debug/CMakeFiles/CMakeTmp

Run Build Command(s):nmake /nologo cmTC_49d43\fast && 	"C:\Program Files (x86)\Microsoft Visual Studio\2019\Community\VC\Tools\MSVC\14.28.29333\bin\HostX86\x86\nmake.exe"  -f CMakeFiles\cmTC_49d43.dir\build.make /nologo -L                  CMakeFiles\cmTC_49d43.dir\build
Building C object CMakeFiles/cmTC_49d43.dir/testCCompiler.c.obj
	C:\PROGRA~2\MICROS~2\2019\COMMUN~1\VC\Tools\MSVC\1428~1.293\bin\Hostx86\x86\cl.exe @C:\Users\csipa\AppData\Local\Temp\nm4D3B.tmp
testCCompiler.c
Linking C executable cmTC_49d43.exe
	"D:\Programs\CLion 2020.2.4\bin\cmake\win\bin\cmake.exe" -E vs_link_exe --intdir=CMakeFiles\cmTC_49d43.dir --rc=D:\WINDOW~1\10\bin\100183~1.0\x86\rc.exe --mt=D:\WINDOW~1\10\bin\100183~1.0\x86\mt.exe --manifests  -- C:\PROGRA~2\MICROS~2\2019\COMMUN~1\VC\Tools\MSVC\1428~1.293\bin\Hostx86\x86\link.exe /nologo @CMakeFiles\cmTC_49d43.dir\objects1.rsp @C:\Users\csipa\AppData\Local\Temp\nm4DB9.tmp



Detecting C compiler ABI info compiled with the following output:
Change Dir: C:/Users/csipa/Documents/Projects/School/Prog1/NHz1/kepszerkesztes/cmake-build-debug/CMakeFiles/CMakeTmp

Run Build Command(s):nmake /nologo cmTC_815fb\fast && 	"C:\Program Files (x86)\Microsoft Visual Studio\2019\Community\VC\Tools\MSVC\14.28.29333\bin\HostX86\x86\nmake.exe"  -f CMakeFiles\cmTC_815fb.dir\build.make /nologo -L                  CMakeFiles\cmTC_815fb.dir\build
Building C object CMakeFiles/cmTC_815fb.dir/CMakeCCompilerABI.c.obj
	C:\PROGRA~2\MICROS~2\2019\COMMUN~1\VC\Tools\MSVC\1428~1.293\bin\Hostx86\x86\cl.exe @C:\Users\csipa\AppData\Local\Temp\nm4FFA.tmp
CMakeCCompilerABI.c
Linking C executable cmTC_815fb.exe
	"D:\Programs\CLion 2020.2.4\bin\cmake\win\bin\cmake.exe" -E vs_link_exe --intdir=CMakeFiles\cmTC_815fb.dir --rc=D:\WINDOW~1\10\bin\100183~1.0\x86\rc.exe --mt=D:\WINDOW~1\10\bin\100183~1.0\x86\mt.exe --manifests  -- C:\PROGRA~2\MICROS~2\2019\COMMUN~1\VC\Tools\MSVC\1428~1.293\bin\Hostx86\x86\link.exe /nologo @CMakeFiles\cmTC_815fb.dir\objects1.rsp @C:\Users\csipa\AppData\Local\Temp\nm5088.tmp



